<?xml version="1.0" encoding="UTF-8"?>
<!-- Generated by org.testng.reporters.JUnitReportReporter -->
<testsuite hostname="DESKTOP-ODABQ8T" name="com.qa.shopping.NavigateToUrl" tests="1" failures="0" timestamp="15 Dec 2019 13:02:45 GMT" time="6.758" errors="0">
  <testcase name="loginUser" time="6.758" classname="com.qa.shopping.NavigateToUrl"/>
</testsuite> <!-- com.qa.shopping.NavigateToUrl -->
