<?xml version="1.0" encoding="UTF-8"?>
<!-- Generated by org.testng.reporters.JUnitReportReporter -->
<testsuite hostname="DESKTOP-ODABQ8T" name="com.qa.shopping.TestClass" tests="1" failures="0" timestamp="14 Dec 2019 07:34:41 GMT" time="10.671" errors="0">
  <testcase name="getUrl" time="10.671" classname="com.qa.shopping.TestClass"/>
</testsuite> <!-- com.qa.shopping.TestClass -->
